<?xml version="1.0" encoding="UTF-8"?>
<!-- Generated by org.testng.reporters.JUnitReportReporter -->
<testsuite hostname="LAPTOP-OVMK0D2P" failures="0" tests="5" name="testCases.TC003_LoginDDT" time="37.593" errors="0" timestamp="2025-02-01T20:13:32 IST" skipped="0">
  <testcase classname="testCases.TC003_LoginDDT" name="verify_loginDDT" time="2.581"/>
  <testcase classname="testCases.TC003_LoginDDT" name="verify_loginDDT" time="9.281"/>
  <testcase classname="testCases.TC003_LoginDDT" name="verify_loginDDT" time="11.309"/>
  <testcase classname="testCases.TC003_LoginDDT" name="verify_loginDDT" time="11.878"/>
  <testcase classname="testCases.TC003_LoginDDT" name="verify_loginDDT" time="2.544"/>
</testsuite> <!-- testCases.TC003_LoginDDT -->
