<?xml version="1.0" encoding="UTF-8"?>
<!-- Generated by org.testng.reporters.JUnitReportReporter -->
<testsuite hostname="LAPTOP-OVMK0D2P" failures="0" tests="1" name="testCases.TC002_LoginTest" time="9.918" errors="0" timestamp="2025-02-06T19:07:27 IST" skipped="0">
  <testcase classname="testCases.TC002_LoginTest" name="verify_login" time="9.918"/>
</testsuite> <!-- testCases.TC002_LoginTest -->
